[2025-09-29 17:06:09] local.ERROR: Cannot use Filament\Forms\Components\TextInput as TextInput because the name is already in use {"exception":"[object] (Symfony\\Component\\ErrorHandler\\Error\\FatalError(code: 0): Cannot use Filament\\Forms\\Components\\TextInput as TextInput because the name is already in use at /home/1444943.cloudwaysapps.com/vbrxexdqza/public_html/app/Filament/Resources/CustomerResource.php:13)
[stacktrace]
#0 {main}
"} 
[2025-09-30 05:50:23] local.ERROR: cURL error 28: Operation timed out after 30000 milliseconds with 0 bytes received (see https://curl.haxx.se/libcurl/c/libcurl-errors.html) for https://integration.visma.net/API/controller/api/v1/customer?status=Active&pageNumber=5&pageSize=500%0A {"exception":"[object] (Illuminate\\Http\\Client\\ConnectionException(code: 0): cURL error 28: Operation timed out after 30000 milliseconds with 0 bytes received (see https://curl.haxx.se/libcurl/c/libcurl-errors.html) for https://integration.visma.net/API/controller/api/v1/customer?status=Active&pageNumber=5&pageSize=500%0A at /home/1444943.cloudwaysapps.com/vbrxexdqza/public_html/vendor/laravel/framework/src/Illuminate/Http/Client/PendingRequest.php:930)
[stacktrace]
#0 /home/1444943.cloudwaysapps.com/vbrxexdqza/public_html/vendor/laravel/framework/src/Illuminate/Support/helpers.php(248): Illuminate\\Http\\Client\\PendingRequest->Illuminate\\Http\\Client\\{closure}()
#1 /home/1444943.cloudwaysapps.com/vbrxexdqza/public_html/vendor/laravel/framework/src/Illuminate/Http/Client/PendingRequest.php(938): retry()
#2 /home/1444943.cloudwaysapps.com/vbrxexdqza/public_html/vendor/laravel/framework/src/Illuminate/Http/Client/PendingRequest.php(771): Illuminate\\Http\\Client\\PendingRequest->send()
#3 /home/1444943.cloudwaysapps.com/vbrxexdqza/public_html/app/Console/Commands/ImportCustomers.php(60): Illuminate\\Http\\Client\\PendingRequest->get()
#4 /home/1444943.cloudwaysapps.com/vbrxexdqza/public_html/vendor/laravel/framework/src/Illuminate/Container/BoundMethod.php(36): App\\Console\\Commands\\ImportCustomers->handle()
#5 /home/1444943.cloudwaysapps.com/vbrxexdqza/public_html/vendor/laravel/framework/src/Illuminate/Container/Util.php(41): Illuminate\\Container\\BoundMethod::Illuminate\\Container\\{closure}()
#6 /home/1444943.cloudwaysapps.com/vbrxexdqza/public_html/vendor/laravel/framework/src/Illuminate/Container/BoundMethod.php(93): Illuminate\\Container\\Util::unwrapIfClosure()
#7 /home/1444943.cloudwaysapps.com/vbrxexdqza/public_html/vendor/laravel/framework/src/Illuminate/Container/BoundMethod.php(37): Illuminate\\Container\\BoundMethod::callBoundMethod()
#8 /home/1444943.cloudwaysapps.com/vbrxexdqza/public_html/vendor/laravel/framework/src/Illuminate/Container/Container.php(662): Illuminate\\Container\\BoundMethod::call()
#9 /home/1444943.cloudwaysapps.com/vbrxexdqza/public_html/vendor/laravel/framework/src/Illuminate/Console/Command.php(211): Illuminate\\Container\\Container->call()
#10 /home/1444943.cloudwaysapps.com/vbrxexdqza/public_html/vendor/symfony/console/Command/Command.php(326): Illuminate\\Console\\Command->execute()
#11 /home/1444943.cloudwaysapps.com/vbrxexdqza/public_html/vendor/laravel/framework/src/Illuminate/Console/Command.php(181): Symfony\\Component\\Console\\Command\\Command->run()
#12 /home/1444943.cloudwaysapps.com/vbrxexdqza/public_html/vendor/symfony/console/Application.php(1096): Illuminate\\Console\\Command->run()
#13 /home/1444943.cloudwaysapps.com/vbrxexdqza/public_html/vendor/symfony/console/Application.php(324): Symfony\\Component\\Console\\Application->doRunCommand()
#14 /home/1444943.cloudwaysapps.com/vbrxexdqza/public_html/vendor/symfony/console/Application.php(175): Symfony\\Component\\Console\\Application->doRun()
#15 /home/1444943.cloudwaysapps.com/vbrxexdqza/public_html/vendor/laravel/framework/src/Illuminate/Foundation/Console/Kernel.php(201): Symfony\\Component\\Console\\Application->run()
#16 /home/1444943.cloudwaysapps.com/vbrxexdqza/public_html/artisan(37): Illuminate\\Foundation\\Console\\Kernel->handle()
#17 {main}

[previous exception] [object] (GuzzleHttp\\Exception\\ConnectException(code: 0): cURL error 28: Operation timed out after 30000 milliseconds with 0 bytes received (see https://curl.haxx.se/libcurl/c/libcurl-errors.html) for https://integration.visma.net/API/controller/api/v1/customer?status=Active&pageNumber=5&pageSize=500%0A at /home/1444943.cloudwaysapps.com/vbrxexdqza/public_html/vendor/guzzlehttp/guzzle/src/Handler/CurlFactory.php:275)
[stacktrace]
#0 /home/1444943.cloudwaysapps.com/vbrxexdqza/public_html/vendor/guzzlehttp/guzzle/src/Handler/CurlFactory.php(205): GuzzleHttp\\Handler\\CurlFactory::createRejection()
#1 /home/1444943.cloudwaysapps.com/vbrxexdqza/public_html/vendor/guzzlehttp/guzzle/src/Handler/CurlFactory.php(157): GuzzleHttp\\Handler\\CurlFactory::finishError()
#2 /home/1444943.cloudwaysapps.com/vbrxexdqza/public_html/vendor/guzzlehttp/guzzle/src/Handler/CurlHandler.php(47): GuzzleHttp\\Handler\\CurlFactory::finish()
#3 /home/1444943.cloudwaysapps.com/vbrxexdqza/public_html/vendor/guzzlehttp/guzzle/src/Handler/Proxy.php(28): GuzzleHttp\\Handler\\CurlHandler->__invoke()
#4 /home/1444943.cloudwaysapps.com/vbrxexdqza/public_html/vendor/guzzlehttp/guzzle/src/Handler/Proxy.php(48): GuzzleHttp\\Handler\\Proxy::GuzzleHttp\\Handler\\{closure}()
#5 /home/1444943.cloudwaysapps.com/vbrxexdqza/public_html/vendor/laravel/framework/src/Illuminate/Http/Client/PendingRequest.php(1256): GuzzleHttp\\Handler\\Proxy::GuzzleHttp\\Handler\\{closure}()
#6 /home/1444943.cloudwaysapps.com/vbrxexdqza/public_html/vendor/laravel/framework/src/Illuminate/Http/Client/PendingRequest.php(1222): Illuminate\\Http\\Client\\PendingRequest->Illuminate\\Http\\Client\\{closure}()
#7 /home/1444943.cloudwaysapps.com/vbrxexdqza/public_html/vendor/laravel/framework/src/Illuminate/Http/Client/PendingRequest.php(1208): Illuminate\\Http\\Client\\PendingRequest->Illuminate\\Http\\Client\\{closure}()
#8 /home/1444943.cloudwaysapps.com/vbrxexdqza/public_html/vendor/guzzlehttp/guzzle/src/PrepareBodyMiddleware.php(35): Illuminate\\Http\\Client\\PendingRequest->Illuminate\\Http\\Client\\{closure}()
#9 /home/1444943.cloudwaysapps.com/vbrxexdqza/public_html/vendor/guzzlehttp/guzzle/src/Middleware.php(38): GuzzleHttp\\PrepareBodyMiddleware->__invoke()
#10 /home/1444943.cloudwaysapps.com/vbrxexdqza/public_html/vendor/guzzlehttp/guzzle/src/RedirectMiddleware.php(71): GuzzleHttp\\Middleware::GuzzleHttp\\{closure}()
#11 /home/1444943.cloudwaysapps.com/vbrxexdqza/public_html/vendor/guzzlehttp/guzzle/src/Middleware.php(63): GuzzleHttp\\RedirectMiddleware->__invoke()
#12 /home/1444943.cloudwaysapps.com/vbrxexdqza/public_html/vendor/guzzlehttp/guzzle/src/HandlerStack.php(75): GuzzleHttp\\Middleware::GuzzleHttp\\{closure}()
#13 /home/1444943.cloudwaysapps.com/vbrxexdqza/public_html/vendor/guzzlehttp/guzzle/src/Client.php(333): GuzzleHttp\\HandlerStack->__invoke()
#14 /home/1444943.cloudwaysapps.com/vbrxexdqza/public_html/vendor/guzzlehttp/guzzle/src/Client.php(169): GuzzleHttp\\Client->transfer()
#15 /home/1444943.cloudwaysapps.com/vbrxexdqza/public_html/vendor/guzzlehttp/guzzle/src/Client.php(189): GuzzleHttp\\Client->requestAsync()
#16 /home/1444943.cloudwaysapps.com/vbrxexdqza/public_html/vendor/laravel/framework/src/Illuminate/Http/Client/PendingRequest.php(1053): GuzzleHttp\\Client->request()
#17 /home/1444943.cloudwaysapps.com/vbrxexdqza/public_html/vendor/laravel/framework/src/Illuminate/Http/Client/PendingRequest.php(894): Illuminate\\Http\\Client\\PendingRequest->sendRequest()
#18 /home/1444943.cloudwaysapps.com/vbrxexdqza/public_html/vendor/laravel/framework/src/Illuminate/Support/helpers.php(248): Illuminate\\Http\\Client\\PendingRequest->Illuminate\\Http\\Client\\{closure}()
#19 /home/1444943.cloudwaysapps.com/vbrxexdqza/public_html/vendor/laravel/framework/src/Illuminate/Http/Client/PendingRequest.php(938): retry()
#20 /home/1444943.cloudwaysapps.com/vbrxexdqza/public_html/vendor/laravel/framework/src/Illuminate/Http/Client/PendingRequest.php(771): Illuminate\\Http\\Client\\PendingRequest->send()
#21 /home/1444943.cloudwaysapps.com/vbrxexdqza/public_html/app/Console/Commands/ImportCustomers.php(60): Illuminate\\Http\\Client\\PendingRequest->get()
#22 /home/1444943.cloudwaysapps.com/vbrxexdqza/public_html/vendor/laravel/framework/src/Illuminate/Container/BoundMethod.php(36): App\\Console\\Commands\\ImportCustomers->handle()
#23 /home/1444943.cloudwaysapps.com/vbrxexdqza/public_html/vendor/laravel/framework/src/Illuminate/Container/Util.php(41): Illuminate\\Container\\BoundMethod::Illuminate\\Container\\{closure}()
#24 /home/1444943.cloudwaysapps.com/vbrxexdqza/public_html/vendor/laravel/framework/src/Illuminate/Container/BoundMethod.php(93): Illuminate\\Container\\Util::unwrapIfClosure()
#25 /home/1444943.cloudwaysapps.com/vbrxexdqza/public_html/vendor/laravel/framework/src/Illuminate/Container/BoundMethod.php(37): Illuminate\\Container\\BoundMethod::callBoundMethod()
#26 /home/1444943.cloudwaysapps.com/vbrxexdqza/public_html/vendor/laravel/framework/src/Illuminate/Container/Container.php(662): Illuminate\\Container\\BoundMethod::call()
#27 /home/1444943.cloudwaysapps.com/vbrxexdqza/public_html/vendor/laravel/framework/src/Illuminate/Console/Command.php(211): Illuminate\\Container\\Container->call()
#28 /home/1444943.cloudwaysapps.com/vbrxexdqza/public_html/vendor/symfony/console/Command/Command.php(326): Illuminate\\Console\\Command->execute()
#29 /home/1444943.cloudwaysapps.com/vbrxexdqza/public_html/vendor/laravel/framework/src/Illuminate/Console/Command.php(181): Symfony\\Component\\Console\\Command\\Command->run()
#30 /home/1444943.cloudwaysapps.com/vbrxexdqza/public_html/vendor/symfony/console/Application.php(1096): Illuminate\\Console\\Command->run()
#31 /home/1444943.cloudwaysapps.com/vbrxexdqza/public_html/vendor/symfony/console/Application.php(324): Symfony\\Component\\Console\\Application->doRunCommand()
#32 /home/1444943.cloudwaysapps.com/vbrxexdqza/public_html/vendor/symfony/console/Application.php(175): Symfony\\Component\\Console\\Application->doRun()
#33 /home/1444943.cloudwaysapps.com/vbrxexdqza/public_html/vendor/laravel/framework/src/Illuminate/Foundation/Console/Kernel.php(201): Symfony\\Component\\Console\\Application->run()
#34 /home/1444943.cloudwaysapps.com/vbrxexdqza/public_html/artisan(37): Illuminate\\Foundation\\Console\\Kernel->handle()
#35 {main}
"} 
[2025-10-05 09:59:07] local.ERROR: Array to string conversion (Connection: mysql, SQL: insert into `products` (`sku`, `inventory_id`, `name`, `description`, `body`, `status`, `product_type`, `category`, `item_class_id`, `item_class_description`, `image`, `price`, `recommended_price`, `current_cost`, `last_cost`, `item_price_class_id`, `price_class_id`, `price_class_description`, `brand`, `short_description`, `volume`, `color_code`, `kasselov_code`, `is_hazardous`, `is_display_only`, `is_parent`, `is_web_item`, `is_web_item_b2b`, `is_web_item_b2c`, `stock_item`, `kit_item`, `base_unit`, `sales_unit`, `purchase_unit`, `default_warehouse_id`, `default_issue_from`, `default_receipt_to`, `weight`, `weight_uom`, `volume_value`, `volume_uom`, `country_of_origin`, `supplementary_measure_unit`, `vat_code_id`, `vat_code_description`, `attributes_data`, `warehouse_details`, `cross_references`, `quantity_on_hand`, `quantity_available`, `quantity_available_for_shipment`, `rating_rate`, `rating_count`, `last_modified_at`, `visma_timestamp`, `updated_at`, `created_at`) values (12040009, 83, Tartech Steam Eco 200 ltr, Tartech Steam Eco 200 ltr, ?, Active, FinishedGoodItem, Lagerførte varer høy sats, 5, Lagerførte varer høy sats, , 6800, 0, 0, 0, 40, 40, 40 prosent, ?, ?, ?, ?, ?, 0, 0, 0, 0, 0, 0, 1, 0, STK, STK, PALLE, 1, 1, 1, 0, ?, 200, LITER, NO, ZZZ, 3, Utgående mva, høy sats, ?, ?, ?, 0, 0, 0, ?, ?, 2021-08-23 12:01:47, 0x0000000006D6F6DE, 2025-10-05 09:59:07, 2025-10-05 09:59:07)) {"exception":"[object] (Illuminate\\Database\\QueryException(code: 0): Array to string conversion (Connection: mysql, SQL: insert into `products` (`sku`, `inventory_id`, `name`, `description`, `body`, `status`, `product_type`, `category`, `item_class_id`, `item_class_description`, `image`, `price`, `recommended_price`, `current_cost`, `last_cost`, `item_price_class_id`, `price_class_id`, `price_class_description`, `brand`, `short_description`, `volume`, `color_code`, `kasselov_code`, `is_hazardous`, `is_display_only`, `is_parent`, `is_web_item`, `is_web_item_b2b`, `is_web_item_b2c`, `stock_item`, `kit_item`, `base_unit`, `sales_unit`, `purchase_unit`, `default_warehouse_id`, `default_issue_from`, `default_receipt_to`, `weight`, `weight_uom`, `volume_value`, `volume_uom`, `country_of_origin`, `supplementary_measure_unit`, `vat_code_id`, `vat_code_description`, `attributes_data`, `warehouse_details`, `cross_references`, `quantity_on_hand`, `quantity_available`, `quantity_available_for_shipment`, `rating_rate`, `rating_count`, `last_modified_at`, `visma_timestamp`, `updated_at`, `created_at`) values (12040009, 83, Tartech Steam Eco 200 ltr, Tartech Steam Eco 200 ltr, ?, Active, FinishedGoodItem, Lagerførte varer høy sats, 5, Lagerførte varer høy sats, , 6800, 0, 0, 0, 40, 40, 40 prosent, ?, ?, ?, ?, ?, 0, 0, 0, 0, 0, 0, 1, 0, STK, STK, PALLE, 1, 1, 1, 0, ?, 200, LITER, NO, ZZZ, 3, Utgående mva, høy sats, ?, ?, ?, 0, 0, 0, ?, ?, 2021-08-23 12:01:47, 0x0000000006D6F6DE, 2025-10-05 09:59:07, 2025-10-05 09:59:07)) at /home/1444943.cloudwaysapps.com/bxuwkykpkp/public_html/vendor/laravel/framework/src/Illuminate/Database/Connection.php:829)
[stacktrace]
#0 /home/1444943.cloudwaysapps.com/bxuwkykpkp/public_html/vendor/laravel/framework/src/Illuminate/Database/Connection.php(783): Illuminate\\Database\\Connection->runQueryCallback()
#1 /home/1444943.cloudwaysapps.com/bxuwkykpkp/public_html/vendor/laravel/framework/src/Illuminate/Database/MySqlConnection.php(50): Illuminate\\Database\\Connection->run()
#2 /home/1444943.cloudwaysapps.com/bxuwkykpkp/public_html/vendor/laravel/framework/src/Illuminate/Database/Query/Processors/MySqlProcessor.php(35): Illuminate\\Database\\MySqlConnection->insert()
#3 /home/1444943.cloudwaysapps.com/bxuwkykpkp/public_html/vendor/laravel/framework/src/Illuminate/Database/Query/Builder.php(3549): Illuminate\\Database\\Query\\Processors\\MySqlProcessor->processInsertGetId()
#4 /home/1444943.cloudwaysapps.com/bxuwkykpkp/public_html/vendor/laravel/framework/src/Illuminate/Database/Eloquent/Builder.php(1982): Illuminate\\Database\\Query\\Builder->insertGetId()
#5 /home/1444943.cloudwaysapps.com/bxuwkykpkp/public_html/vendor/laravel/framework/src/Illuminate/Database/Eloquent/Model.php(1334): Illuminate\\Database\\Eloquent\\Builder->__call()
#6 /home/1444943.cloudwaysapps.com/bxuwkykpkp/public_html/vendor/laravel/framework/src/Illuminate/Database/Eloquent/Model.php(1299): Illuminate\\Database\\Eloquent\\Model->insertAndSetId()
#7 /home/1444943.cloudwaysapps.com/bxuwkykpkp/public_html/vendor/laravel/framework/src/Illuminate/Database/Eloquent/Model.php(1138): Illuminate\\Database\\Eloquent\\Model->performInsert()
#8 /home/1444943.cloudwaysapps.com/bxuwkykpkp/public_html/vendor/laravel/framework/src/Illuminate/Database/Eloquent/Builder.php(1025): Illuminate\\Database\\Eloquent\\Model->save()
#9 /home/1444943.cloudwaysapps.com/bxuwkykpkp/public_html/vendor/laravel/framework/src/Illuminate/Support/helpers.php(307): Illuminate\\Database\\Eloquent\\Builder->Illuminate\\Database\\Eloquent\\{closure}()
#10 /home/1444943.cloudwaysapps.com/bxuwkykpkp/public_html/vendor/laravel/framework/src/Illuminate/Database/Eloquent/Builder.php(1026): tap()
#11 /home/1444943.cloudwaysapps.com/bxuwkykpkp/public_html/vendor/laravel/framework/src/Illuminate/Database/Eloquent/Builder.php(585): Illuminate\\Database\\Eloquent\\Builder->create()
#12 /home/1444943.cloudwaysapps.com/bxuwkykpkp/public_html/vendor/laravel/framework/src/Illuminate/Database/Eloquent/Builder.php(1728): Illuminate\\Database\\Eloquent\\Builder->Illuminate\\Database\\Eloquent\\{closure}()
#13 /home/1444943.cloudwaysapps.com/bxuwkykpkp/public_html/vendor/laravel/framework/src/Illuminate/Database/Eloquent/Builder.php(585): Illuminate\\Database\\Eloquent\\Builder->withSavepointIfNeeded()
#14 /home/1444943.cloudwaysapps.com/bxuwkykpkp/public_html/vendor/laravel/framework/src/Illuminate/Database/Eloquent/Builder.php(572): Illuminate\\Database\\Eloquent\\Builder->createOrFirst()
#15 /home/1444943.cloudwaysapps.com/bxuwkykpkp/public_html/vendor/laravel/framework/src/Illuminate/Database/Eloquent/Builder.php(600): Illuminate\\Database\\Eloquent\\Builder->firstOrCreate()
#16 /home/1444943.cloudwaysapps.com/bxuwkykpkp/public_html/vendor/laravel/framework/src/Illuminate/Support/Traits/ForwardsCalls.php(23): Illuminate\\Database\\Eloquent\\Builder->updateOrCreate()
#17 /home/1444943.cloudwaysapps.com/bxuwkykpkp/public_html/vendor/laravel/framework/src/Illuminate/Database/Eloquent/Model.php(2335): Illuminate\\Database\\Eloquent\\Model->forwardCallTo()
#18 /home/1444943.cloudwaysapps.com/bxuwkykpkp/public_html/vendor/laravel/framework/src/Illuminate/Database/Eloquent/Model.php(2347): Illuminate\\Database\\Eloquent\\Model->__call()
#19 /home/1444943.cloudwaysapps.com/bxuwkykpkp/public_html/app/Console/Commands/ImportProductsFromVisma.php(60): Illuminate\\Database\\Eloquent\\Model::__callStatic()
#20 /home/1444943.cloudwaysapps.com/bxuwkykpkp/public_html/vendor/laravel/framework/src/Illuminate/Container/BoundMethod.php(36): App\\Console\\Commands\\ImportProductsFromVisma->handle()
#21 /home/1444943.cloudwaysapps.com/bxuwkykpkp/public_html/vendor/laravel/framework/src/Illuminate/Container/Util.php(41): Illuminate\\Container\\BoundMethod::Illuminate\\Container\\{closure}()
#22 /home/1444943.cloudwaysapps.com/bxuwkykpkp/public_html/vendor/laravel/framework/src/Illuminate/Container/BoundMethod.php(93): Illuminate\\Container\\Util::unwrapIfClosure()
#23 /home/1444943.cloudwaysapps.com/bxuwkykpkp/public_html/vendor/laravel/framework/src/Illuminate/Container/BoundMethod.php(37): Illuminate\\Container\\BoundMethod::callBoundMethod()
#24 /home/1444943.cloudwaysapps.com/bxuwkykpkp/public_html/vendor/laravel/framework/src/Illuminate/Container/Container.php(662): Illuminate\\Container\\BoundMethod::call()
#25 /home/1444943.cloudwaysapps.com/bxuwkykpkp/public_html/vendor/laravel/framework/src/Illuminate/Console/Command.php(211): Illuminate\\Container\\Container->call()
#26 /home/1444943.cloudwaysapps.com/bxuwkykpkp/public_html/vendor/symfony/console/Command/Command.php(326): Illuminate\\Console\\Command->execute()
#27 /home/1444943.cloudwaysapps.com/bxuwkykpkp/public_html/vendor/laravel/framework/src/Illuminate/Console/Command.php(181): Symfony\\Component\\Console\\Command\\Command->run()
#28 /home/1444943.cloudwaysapps.com/bxuwkykpkp/public_html/vendor/symfony/console/Application.php(1096): Illuminate\\Console\\Command->run()
#29 /home/1444943.cloudwaysapps.com/bxuwkykpkp/public_html/vendor/symfony/console/Application.php(324): Symfony\\Component\\Console\\Application->doRunCommand()
#30 /home/1444943.cloudwaysapps.com/bxuwkykpkp/public_html/vendor/symfony/console/Application.php(175): Symfony\\Component\\Console\\Application->doRun()
#31 /home/1444943.cloudwaysapps.com/bxuwkykpkp/public_html/vendor/laravel/framework/src/Illuminate/Foundation/Console/Kernel.php(201): Symfony\\Component\\Console\\Application->run()
#32 /home/1444943.cloudwaysapps.com/bxuwkykpkp/public_html/artisan(37): Illuminate\\Foundation\\Console\\Kernel->handle()
#33 {main}

[previous exception] [object] (ErrorException(code: 0): Array to string conversion at /home/1444943.cloudwaysapps.com/bxuwkykpkp/public_html/vendor/laravel/framework/src/Illuminate/Database/Connection.php:729)
[stacktrace]
#0 /home/1444943.cloudwaysapps.com/bxuwkykpkp/public_html/vendor/laravel/framework/src/Illuminate/Foundation/Bootstrap/HandleExceptions.php(255): Illuminate\\Foundation\\Bootstrap\\HandleExceptions->handleError()
#1 [internal function]: Illuminate\\Foundation\\Bootstrap\\HandleExceptions->Illuminate\\Foundation\\Bootstrap\\{closure}()
#2 /home/1444943.cloudwaysapps.com/bxuwkykpkp/public_html/vendor/laravel/framework/src/Illuminate/Database/Connection.php(729): PDOStatement->bindValue()
#3 /home/1444943.cloudwaysapps.com/bxuwkykpkp/public_html/vendor/laravel/framework/src/Illuminate/Database/MySqlConnection.php(41): Illuminate\\Database\\Connection->bindValues()
#4 /home/1444943.cloudwaysapps.com/bxuwkykpkp/public_html/vendor/laravel/framework/src/Illuminate/Database/Connection.php(816): Illuminate\\Database\\MySqlConnection->Illuminate\\Database\\{closure}()
#5 /home/1444943.cloudwaysapps.com/bxuwkykpkp/public_html/vendor/laravel/framework/src/Illuminate/Database/Connection.php(783): Illuminate\\Database\\Connection->runQueryCallback()
#6 /home/1444943.cloudwaysapps.com/bxuwkykpkp/public_html/vendor/laravel/framework/src/Illuminate/Database/MySqlConnection.php(50): Illuminate\\Database\\Connection->run()
#7 /home/1444943.cloudwaysapps.com/bxuwkykpkp/public_html/vendor/laravel/framework/src/Illuminate/Database/Query/Processors/MySqlProcessor.php(35): Illuminate\\Database\\MySqlConnection->insert()
#8 /home/1444943.cloudwaysapps.com/bxuwkykpkp/public_html/vendor/laravel/framework/src/Illuminate/Database/Query/Builder.php(3549): Illuminate\\Database\\Query\\Processors\\MySqlProcessor->processInsertGetId()
#9 /home/1444943.cloudwaysapps.com/bxuwkykpkp/public_html/vendor/laravel/framework/src/Illuminate/Database/Eloquent/Builder.php(1982): Illuminate\\Database\\Query\\Builder->insertGetId()
#10 /home/1444943.cloudwaysapps.com/bxuwkykpkp/public_html/vendor/laravel/framework/src/Illuminate/Database/Eloquent/Model.php(1334): Illuminate\\Database\\Eloquent\\Builder->__call()
#11 /home/1444943.cloudwaysapps.com/bxuwkykpkp/public_html/vendor/laravel/framework/src/Illuminate/Database/Eloquent/Model.php(1299): Illuminate\\Database\\Eloquent\\Model->insertAndSetId()
#12 /home/1444943.cloudwaysapps.com/bxuwkykpkp/public_html/vendor/laravel/framework/src/Illuminate/Database/Eloquent/Model.php(1138): Illuminate\\Database\\Eloquent\\Model->performInsert()
#13 /home/1444943.cloudwaysapps.com/bxuwkykpkp/public_html/vendor/laravel/framework/src/Illuminate/Database/Eloquent/Builder.php(1025): Illuminate\\Database\\Eloquent\\Model->save()
#14 /home/1444943.cloudwaysapps.com/bxuwkykpkp/public_html/vendor/laravel/framework/src/Illuminate/Support/helpers.php(307): Illuminate\\Database\\Eloquent\\Builder->Illuminate\\Database\\Eloquent\\{closure}()
#15 /home/1444943.cloudwaysapps.com/bxuwkykpkp/public_html/vendor/laravel/framework/src/Illuminate/Database/Eloquent/Builder.php(1026): tap()
#16 /home/1444943.cloudwaysapps.com/bxuwkykpkp/public_html/vendor/laravel/framework/src/Illuminate/Database/Eloquent/Builder.php(585): Illuminate\\Database\\Eloquent\\Builder->create()
#17 /home/1444943.cloudwaysapps.com/bxuwkykpkp/public_html/vendor/laravel/framework/src/Illuminate/Database/Eloquent/Builder.php(1728): Illuminate\\Database\\Eloquent\\Builder->Illuminate\\Database\\Eloquent\\{closure}()
#18 /home/1444943.cloudwaysapps.com/bxuwkykpkp/public_html/vendor/laravel/framework/src/Illuminate/Database/Eloquent/Builder.php(585): Illuminate\\Database\\Eloquent\\Builder->withSavepointIfNeeded()
#19 /home/1444943.cloudwaysapps.com/bxuwkykpkp/public_html/vendor/laravel/framework/src/Illuminate/Database/Eloquent/Builder.php(572): Illuminate\\Database\\Eloquent\\Builder->createOrFirst()
#20 /home/1444943.cloudwaysapps.com/bxuwkykpkp/public_html/vendor/laravel/framework/src/Illuminate/Database/Eloquent/Builder.php(600): Illuminate\\Database\\Eloquent\\Builder->firstOrCreate()
#21 /home/1444943.cloudwaysapps.com/bxuwkykpkp/public_html/vendor/laravel/framework/src/Illuminate/Support/Traits/ForwardsCalls.php(23): Illuminate\\Database\\Eloquent\\Builder->updateOrCreate()
#22 /home/1444943.cloudwaysapps.com/bxuwkykpkp/public_html/vendor/laravel/framework/src/Illuminate/Database/Eloquent/Model.php(2335): Illuminate\\Database\\Eloquent\\Model->forwardCallTo()
#23 /home/1444943.cloudwaysapps.com/bxuwkykpkp/public_html/vendor/laravel/framework/src/Illuminate/Database/Eloquent/Model.php(2347): Illuminate\\Database\\Eloquent\\Model->__call()
#24 /home/1444943.cloudwaysapps.com/bxuwkykpkp/public_html/app/Console/Commands/ImportProductsFromVisma.php(60): Illuminate\\Database\\Eloquent\\Model::__callStatic()
#25 /home/1444943.cloudwaysapps.com/bxuwkykpkp/public_html/vendor/laravel/framework/src/Illuminate/Container/BoundMethod.php(36): App\\Console\\Commands\\ImportProductsFromVisma->handle()
#26 /home/1444943.cloudwaysapps.com/bxuwkykpkp/public_html/vendor/laravel/framework/src/Illuminate/Container/Util.php(41): Illuminate\\Container\\BoundMethod::Illuminate\\Container\\{closure}()
#27 /home/1444943.cloudwaysapps.com/bxuwkykpkp/public_html/vendor/laravel/framework/src/Illuminate/Container/BoundMethod.php(93): Illuminate\\Container\\Util::unwrapIfClosure()
#28 /home/1444943.cloudwaysapps.com/bxuwkykpkp/public_html/vendor/laravel/framework/src/Illuminate/Container/BoundMethod.php(37): Illuminate\\Container\\BoundMethod::callBoundMethod()
#29 /home/1444943.cloudwaysapps.com/bxuwkykpkp/public_html/vendor/laravel/framework/src/Illuminate/Container/Container.php(662): Illuminate\\Container\\BoundMethod::call()
#30 /home/1444943.cloudwaysapps.com/bxuwkykpkp/public_html/vendor/laravel/framework/src/Illuminate/Console/Command.php(211): Illuminate\\Container\\Container->call()
#31 /home/1444943.cloudwaysapps.com/bxuwkykpkp/public_html/vendor/symfony/console/Command/Command.php(326): Illuminate\\Console\\Command->execute()
#32 /home/1444943.cloudwaysapps.com/bxuwkykpkp/public_html/vendor/laravel/framework/src/Illuminate/Console/Command.php(181): Symfony\\Component\\Console\\Command\\Command->run()
#33 /home/1444943.cloudwaysapps.com/bxuwkykpkp/public_html/vendor/symfony/console/Application.php(1096): Illuminate\\Console\\Command->run()
#34 /home/1444943.cloudwaysapps.com/bxuwkykpkp/public_html/vendor/symfony/console/Application.php(324): Symfony\\Component\\Console\\Application->doRunCommand()
#35 /home/1444943.cloudwaysapps.com/bxuwkykpkp/public_html/vendor/symfony/console/Application.php(175): Symfony\\Component\\Console\\Application->doRun()
#36 /home/1444943.cloudwaysapps.com/bxuwkykpkp/public_html/vendor/laravel/framework/src/Illuminate/Foundation/Console/Kernel.php(201): Symfony\\Component\\Console\\Application->run()
#37 /home/1444943.cloudwaysapps.com/bxuwkykpkp/public_html/artisan(37): Illuminate\\Foundation\\Console\\Kernel->handle()
#38 {main}
"} 
